Determining if the pthread_create exist failed with the following output:
Change Dir: /app/aka_cad/build/CMakeFiles/CMakeTmp

Run Build Command:"/usr/bin/make" "cmTC_205ed/fast"
/usr/bin/make -f CMakeFiles/cmTC_205ed.dir/build.make CMakeFiles/cmTC_205ed.dir/build
make[1]: Entering directory '/app/aka_cad/build/CMakeFiles/CMakeTmp'
Building C object CMakeFiles/cmTC_205ed.dir/CheckSymbolExists.c.o
/usr/bin/cc    -o CMakeFiles/cmTC_205ed.dir/CheckSymbolExists.c.o   -c /app/aka_cad/build/CMakeFiles/CMakeTmp/CheckSymbolExists.c
Linking C executable cmTC_205ed
/usr/bin/cmake -E cmake_link_script CMakeFiles/cmTC_205ed.dir/link.txt --verbose=1
/usr/bin/cc      -rdynamic CMakeFiles/cmTC_205ed.dir/CheckSymbolExists.c.o  -o cmTC_205ed 
/usr/bin/ld: CMakeFiles/cmTC_205ed.dir/CheckSymbolExists.c.o: in function `main':
CheckSymbolExists.c:(.text+0x1b): undefined reference to `pthread_create'
collect2: error: ld returned 1 exit status
make[1]: *** [CMakeFiles/cmTC_205ed.dir/build.make:87: cmTC_205ed] Error 1
make[1]: Leaving directory '/app/aka_cad/build/CMakeFiles/CMakeTmp'
make: *** [Makefile:121: cmTC_205ed/fast] Error 2

File /app/aka_cad/build/CMakeFiles/CMakeTmp/CheckSymbolExists.c:
/* */
#include <pthread.h>

int main(int argc, char** argv)
{
  (void)argv;
#ifndef pthread_create
  return ((int*)(&pthread_create))[argc];
#else
  (void)argc;
  return 0;
#endif
}

Determining if the function pthread_create exists in the pthreads failed with the following output:
Change Dir: /app/aka_cad/build/CMakeFiles/CMakeTmp

Run Build Command:"/usr/bin/make" "cmTC_0022f/fast"
/usr/bin/make -f CMakeFiles/cmTC_0022f.dir/build.make CMakeFiles/cmTC_0022f.dir/build
make[1]: Entering directory '/app/aka_cad/build/CMakeFiles/CMakeTmp'
Building C object CMakeFiles/cmTC_0022f.dir/CheckFunctionExists.c.o
/usr/bin/cc   -DCHECK_FUNCTION_EXISTS=pthread_create   -o CMakeFiles/cmTC_0022f.dir/CheckFunctionExists.c.o   -c /usr/share/cmake-3.13/Modules/CheckFunctionExists.c
Linking C executable cmTC_0022f
/usr/bin/cmake -E cmake_link_script CMakeFiles/cmTC_0022f.dir/link.txt --verbose=1
/usr/bin/cc  -DCHECK_FUNCTION_EXISTS=pthread_create    -rdynamic CMakeFiles/cmTC_0022f.dir/CheckFunctionExists.c.o  -o cmTC_0022f -lpthreads 
/usr/bin/ld: cannot find -lpthreads
collect2: error: ld returned 1 exit status
make[1]: *** [CMakeFiles/cmTC_0022f.dir/build.make:87: cmTC_0022f] Error 1
make[1]: Leaving directory '/app/aka_cad/build/CMakeFiles/CMakeTmp'
make: *** [Makefile:121: cmTC_0022f/fast] Error 2


